<?xml version="1.0" encoding="UTF-8"?>
<testsuite name="tests.AddNewContactTests" tests="8" skipped="0" failures="0" errors="0" timestamp="2023-10-21T11:10:39" hostname="MBP-Elena" time="9.217">
  <properties/>
  <testcase name="addNewContactPositive" classname="tests.AddNewContactTests" time="1.844"/>
  <testcase name="addNewContactPositive" classname="tests.AddNewContactTests" time="1.285"/>
  <testcase name="addNewContactPositive" classname="tests.AddNewContactTests" time="0.972"/>
  <testcase name="addNewContactPositive" classname="tests.AddNewContactTests" time="0.965"/>
  <testcase name="addNewContactPositive" classname="tests.AddNewContactTests" time="0.966"/>
  <testcase name="addNewContactPositiveDTO[0](Contact(name=John645, lastName=White, phone=12357689645, email=jw645@mail.com, address=Haifa, description=friend))" classname="tests.AddNewContactTests" time="0.944"/>
  <testcase name="addNewContactPositiveDTO[1](Contact(name=Lina645, lastName=Black, phone=12338289645, email=lb645@mail.com, address=Tel Aviv, description=sister))" classname="tests.AddNewContactTests" time="1.216"/>
  <testcase name="addNewContactPositiveDTO[2](Contact(name=Sara645, lastName=Parker, phone=94757689645, email=sp645@mail.com, address=Ashdod, description=friend))" classname="tests.AddNewContactTests" time="0.965"/>
  <system-out><![CDATA[]]></system-out>
  <system-err><![CDATA[]]></system-err>
</testsuite>
